0 info it worked if it ends with ok
1 verbose cli [ 'node',
1 verbose cli   '/Users/yvesvanbroekhoven/.node/bin/npm',
1 verbose cli   'version',
1 verbose cli   'patch' ]
2 info using npm@2.7.3
3 info using node@v0.12.0
4 verbose node symlink /usr/local/bin/node
5 info git [ 'status', '--porcelain' ]
6 verbose stack Error: Git working directory not clean.
6 verbose stack A  .gitignore
6 verbose stack A  LICENSE
6 verbose stack A  Makefile
6 verbose stack A  README.md
6 verbose stack A  dist/mr-angular-meta.js
6 verbose stack A  dist/mr-angular-meta.js.map
6 verbose stack A  lib/index.js
6 verbose stack A  lib/index.js.map
6 verbose stack A  lib/meta-directive.js
6 verbose stack A  lib/meta-directive.js.map
6 verbose stack A  lib/meta-service.js
6 verbose stack A  lib/meta-service.js.map
6 verbose stack A  package.json
6 verbose stack A  src/index.js
6 verbose stack A  src/meta-directive.js
6 verbose stack A  src/meta-service.js
6 verbose stack     at /Users/yvesvanbroekhoven/.node/lib/node_modules/npm/lib/version.js:138:37
6 verbose stack     at /Users/yvesvanbroekhoven/.node/lib/node_modules/npm/lib/utils/git.js:26:8
6 verbose stack     at ChildProcess.exithandler (child_process.js:735:7)
6 verbose stack     at ChildProcess.emit (events.js:110:17)
6 verbose stack     at maybeClose (child_process.js:1008:16)
6 verbose stack     at Socket.<anonymous> (child_process.js:1176:11)
6 verbose stack     at Socket.emit (events.js:107:17)
6 verbose stack     at Pipe.close (net.js:476:12)
7 verbose cwd /Users/yvesvanbroekhoven/Github/mrhenry/mr-angular-meta
8 error Darwin 12.6.0
9 error argv "node" "/Users/yvesvanbroekhoven/.node/bin/npm" "version" "patch"
10 error node v0.12.0
11 error npm  v2.7.3
12 error Git working directory not clean.
12 error A  .gitignore
12 error A  LICENSE
12 error A  Makefile
12 error A  README.md
12 error A  dist/mr-angular-meta.js
12 error A  dist/mr-angular-meta.js.map
12 error A  lib/index.js
12 error A  lib/index.js.map
12 error A  lib/meta-directive.js
12 error A  lib/meta-directive.js.map
12 error A  lib/meta-service.js
12 error A  lib/meta-service.js.map
12 error A  package.json
12 error A  src/index.js
12 error A  src/meta-directive.js
12 error A  src/meta-service.js
13 error If you need help, you may report this error at:
13 error     <https://github.com/npm/npm/issues>
14 verbose exit [ 1, true ]
